<?xml version="1.0" encoding="utf-8" standalone="no"?>
<!--This file represents the results of running a test suite-->
<test-results name="C:\Users\RajKumar-PC\Documents\Visual Studio 2013\Projects\QASageframe\SageframeTest\bin\Debug\SageframeTest.dll" total="11" errors="1" failures="0" not-run="0" inconclusive="0" ignored="0" skipped="0" invalid="0" date="2015-09-24" time="18:14:03">
  <environment nunit-version="2.6.4.14350" clr-version="2.0.50727.8000" os-version="Microsoft Windows NT 6.2.9200.0" platform="Win32NT" cwd="D:\Personnel\Selenium WebDriver\C#\NUnit-2.6.4\bin" machine-name="RAJKUMARTHAPA" user="RajKumar-PC" user-domain="RajkumarThapa" />
  <culture-info current-culture="en-US" current-uiculture="en-US" />
  <test-suite type="Assembly" name="C:\Users\RajKumar-PC\Documents\Visual Studio 2013\Projects\QASageframe\SageframeTest\bin\Debug\SageframeTest.dll" executed="False" result="Cancelled">
    <results>
      <test-suite type="Namespace" name="SageframeTest" executed="False" result="Cancelled">
        <results>
          <test-suite type="TestFixture" name="SageFrameTest" executed="False" result="Cancelled">
            <results>
              <test-case name="SageframeTest.SageFrameTest.CacheMaintenanceOperation" executed="True" result="Success" success="True" time="29.091" asserts="1" />
              <test-case name="SageframeTest.SageFrameTest.CDNOperation" executed="True" result="Success" success="True" time="20.850" asserts="1" />
              <test-case name="SageframeTest.SageFrameTest.EventLogOperation" executed="True" result="Success" success="True" time="25.212" asserts="1" />
              <test-case name="SageframeTest.SageFrameTest.LinksOperation" executed="True" result="Success" success="True" time="20.403" asserts="1" />
              <test-case name="SageframeTest.SageFrameTest.ListOperation" executed="True" result="Success" success="True" time="37.001" asserts="1" />
              <test-case name="SageframeTest.SageFrameTest.LocalizationOperation" executed="True" result="Success" success="True" time="170.546" asserts="1" />
              <test-case name="SageframeTest.SageFrameTest.MenuOperation" executed="True" result="Success" success="True" time="9.949" asserts="2" />
              <test-case name="SageframeTest.SageFrameTest.MessageTemplateOperation" executed="True" result="Success" success="True" time="49.246" asserts="1" />
              <test-case name="SageframeTest.SageFrameTest.ModuleMakerOperation" executed="True" result="Success" success="True" time="64.504" asserts="1" />
              <test-case name="SageframeTest.SageFrameTest.ModuleMessageOperation" executed="True" result="Success" success="True" time="7.571" asserts="1" />
              <test-case name="SageframeTest.SageFrameTest.ModulesOperation" executed="False" result="Cancelled">
                <failure>
                  <message><![CDATA[Test cancelled by user]]></message>
                  <stack-trace><![CDATA[at System.RuntimeMethodHandle.InvokeMethod(Object target, Object[] arguments, Signature sig, Boolean constructor)
at System.Reflection.RuntimeMethodInfo.UnsafeInvokeInternal(Object obj, Object[] parameters, Object[] arguments)
at System.Reflection.RuntimeMethodInfo.Invoke(Object obj, BindingFlags invokeAttr, Binder binder, Object[] parameters, CultureInfo culture)
at NUnit.Core.Reflect.InvokeMethod(MethodInfo method, Object fixture, Object[] args)
at NUnit.Core.TestMethod.RunTestMethod()
at NUnit.Core.TestMethod.RunTestCase(TestResult testResult)
]]></stack-trace>
                </failure>
              </test-case>
            </results>
          </test-suite>
        </results>
      </test-suite>
    </results>
  </test-suite>
</test-results>